android-app/app/build/intermediates/manifest_merge_blame_file/debug/manifest-merger-blame-debug-report.txt
1<?xml version="1.0" encoding="utf-8"?>
2<manifest xmlns:android="http://schemas.android.com/apk/res/android"
3    package="com.parametican.alertarift"
4    android:versionCode="1"
5    android:versionName="1.0" >
6
7    <uses-sdk
8        android:minSdkVersion="24"
9        android:targetSdkVersion="34" />
10
11    <!-- Permisos necesarios -->
12    <uses-permission android:name="android.permission.INTERNET" />
12-->src\main\AndroidManifest.xml:5:5-67
12-->src\main\AndroidManifest.xml:5:22-64
13    <uses-permission android:name="android.permission.ACCESS_NETWORK_STATE" />
13-->src\main\AndroidManifest.xml:6:5-79
13-->src\main\AndroidManifest.xml:6:22-76
14    <uses-permission android:name="android.permission.ACCESS_WIFI_STATE" />
14-->src\main\AndroidManifest.xml:7:5-76
14-->src\main\AndroidManifest.xml:7:22-73
15    <uses-permission android:name="android.permission.VIBRATE" />
15-->src\main\AndroidManifest.xml:8:5-66
15-->src\main\AndroidManifest.xml:8:22-63
16    <uses-permission android:name="android.permission.WAKE_LOCK" />
16-->src\main\AndroidManifest.xml:9:5-68
16-->src\main\AndroidManifest.xml:9:22-65
17    <uses-permission android:name="android.permission.FOREGROUND_SERVICE" />
17-->src\main\AndroidManifest.xml:10:5-77
17-->src\main\AndroidManifest.xml:10:22-74
18    <uses-permission android:name="android.permission.FOREGROUND_SERVICE_SPECIAL_USE" />
18-->src\main\AndroidManifest.xml:11:5-89
18-->src\main\AndroidManifest.xml:11:22-86
19    <uses-permission android:name="android.permission.POST_NOTIFICATIONS" />
19-->src\main\AndroidManifest.xml:12:5-77
19-->src\main\AndroidManifest.xml:12:22-74
20    <uses-permission android:name="android.permission.RECEIVE_BOOT_COMPLETED" />
20-->src\main\AndroidManifest.xml:13:5-81
20-->src\main\AndroidManifest.xml:13:22-78
21    <uses-permission android:name="android.permission.USE_FULL_SCREEN_INTENT" />
21-->src\main\AndroidManifest.xml:14:5-81
21-->src\main\AndroidManifest.xml:14:22-78
22
23    <permission
23-->[androidx.core:core:1.12.0] AndroidManifest.xml:22:5-24:47
24        android:name="com.parametican.alertarift.DYNAMIC_RECEIVER_NOT_EXPORTED_PERMISSION"
24-->[androidx.core:core:1.12.0] AndroidManifest.xml:23:9-81
25        android:protectionLevel="signature" />
25-->[androidx.core:core:1.12.0] AndroidManifest.xml:24:9-44
26
27    <uses-permission android:name="com.parametican.alertarift.DYNAMIC_RECEIVER_NOT_EXPORTED_PERMISSION" />
27-->[androidx.core:core:1.12.0] AndroidManifest.xml:26:5-97
27-->[androidx.core:core:1.12.0] AndroidManifest.xml:26:22-94
28
29    <application
29-->src\main\AndroidManifest.xml:16:5-80:19
30        android:allowBackup="true"
30-->src\main\AndroidManifest.xml:17:9-35
31        android:appComponentFactory="androidx.core.app.CoreComponentFactory"
31-->[androidx.core:core:1.12.0] AndroidManifest.xml:28:18-86
32        android:debuggable="true"
33        android:extractNativeLibs="false"
34        android:icon="@drawable/ic_launcher"
34-->src\main\AndroidManifest.xml:18:9-45
35        android:label="FrioSeguro"
35-->src\main\AndroidManifest.xml:19:9-35
36        android:theme="@style/Theme.AlertaRift"
36-->src\main\AndroidManifest.xml:20:9-48
37        android:usesCleartextTraffic="true" >
37-->src\main\AndroidManifest.xml:21:9-44
38
39        <!-- Splash Screen -->
40        <activity
40-->src\main\AndroidManifest.xml:24:9-32:20
41            android:name="com.parametican.alertarift.SplashActivity"
41-->src\main\AndroidManifest.xml:25:13-43
42            android:exported="true"
42-->src\main\AndroidManifest.xml:26:13-36
43            android:theme="@style/Theme.AlertaRift" >
43-->src\main\AndroidManifest.xml:27:13-52
44            <intent-filter>
44-->src\main\AndroidManifest.xml:28:13-31:29
45                <action android:name="android.intent.action.MAIN" />
45-->src\main\AndroidManifest.xml:29:17-69
45-->src\main\AndroidManifest.xml:29:25-66
46
47                <category android:name="android.intent.category.LAUNCHER" />
47-->src\main\AndroidManifest.xml:30:17-77
47-->src\main\AndroidManifest.xml:30:27-74
48            </intent-filter>
49        </activity>
50
51        <!-- Selector de Modo LOCAL/INTERNET -->
52        <activity
52-->src\main\AndroidManifest.xml:35:9-38:55
53            android:name="com.parametican.alertarift.ModeSelectActivity"
53-->src\main\AndroidManifest.xml:36:13-47
54            android:exported="false"
54-->src\main\AndroidManifest.xml:37:13-37
55            android:theme="@style/Theme.AlertaRift" />
55-->src\main\AndroidManifest.xml:38:13-52
56
57        <!-- Login (legacy) -->
58        <activity
58-->src\main\AndroidManifest.xml:41:9-44:55
59            android:name="com.parametican.alertarift.LoginActivity"
59-->src\main\AndroidManifest.xml:42:13-42
60            android:exported="false"
60-->src\main\AndroidManifest.xml:43:13-37
61            android:theme="@style/Theme.AlertaRift" />
61-->src\main\AndroidManifest.xml:44:13-52
62
63        <!-- Actividad principal -->
64        <activity
64-->src\main\AndroidManifest.xml:47:9-52:43
65            android:name="com.parametican.alertarift.MainActivity"
65-->src\main\AndroidManifest.xml:48:13-41
66            android:exported="false"
66-->src\main\AndroidManifest.xml:49:13-37
67            android:launchMode="singleTop"
67-->src\main\AndroidManifest.xml:50:13-43
68            android:showOnLockScreen="true"
68-->src\main\AndroidManifest.xml:51:13-44
69            android:turnScreenOn="true" />
69-->src\main\AndroidManifest.xml:52:13-40
70
71        <!-- Actividad de alerta (pantalla completa) -->
72        <activity
72-->src\main\AndroidManifest.xml:55:9-61:66
73            android:name="com.parametican.alertarift.AlertActivity"
73-->src\main\AndroidManifest.xml:56:13-42
74            android:exported="false"
74-->src\main\AndroidManifest.xml:57:13-37
75            android:launchMode="singleTop"
75-->src\main\AndroidManifest.xml:58:13-43
76            android:showOnLockScreen="true"
76-->src\main\AndroidManifest.xml:59:13-44
77            android:theme="@style/Theme.AlertaRift.Fullscreen"
77-->src\main\AndroidManifest.xml:61:13-63
78            android:turnScreenOn="true" />
78-->src\main\AndroidManifest.xml:60:13-40
79
80        <!-- Servicio de monitoreo en segundo plano -->
81        <service
81-->src\main\AndroidManifest.xml:64:9-68:58
82            android:name="com.parametican.alertarift.MonitorService"
82-->src\main\AndroidManifest.xml:65:13-43
83            android:enabled="true"
83-->src\main\AndroidManifest.xml:66:13-35
84            android:exported="false"
84-->src\main\AndroidManifest.xml:67:13-37
85            android:foregroundServiceType="specialUse" />
85-->src\main\AndroidManifest.xml:68:13-55
86
87        <!-- Receiver para iniciar al bootear -->
88        <receiver
88-->src\main\AndroidManifest.xml:71:9-78:20
89            android:name="com.parametican.alertarift.BootReceiver"
89-->src\main\AndroidManifest.xml:72:13-41
90            android:enabled="true"
90-->src\main\AndroidManifest.xml:73:13-35
91            android:exported="true" >
91-->src\main\AndroidManifest.xml:74:13-36
92            <intent-filter>
92-->src\main\AndroidManifest.xml:75:13-77:29
93                <action android:name="android.intent.action.BOOT_COMPLETED" />
93-->src\main\AndroidManifest.xml:76:17-79
93-->src\main\AndroidManifest.xml:76:25-76
94            </intent-filter>
95        </receiver>
96
97        <provider
97-->[androidx.emoji2:emoji2:1.2.0] AndroidManifest.xml:24:9-32:20
98            android:name="androidx.startup.InitializationProvider"
98-->[androidx.emoji2:emoji2:1.2.0] AndroidManifest.xml:25:13-67
99            android:authorities="com.parametican.alertarift.androidx-startup"
99-->[androidx.emoji2:emoji2:1.2.0] AndroidManifest.xml:26:13-68
100            android:exported="false" >
100-->[androidx.emoji2:emoji2:1.2.0] AndroidManifest.xml:27:13-37
101            <meta-data
101-->[androidx.emoji2:emoji2:1.2.0] AndroidManifest.xml:29:13-31:52
102                android:name="androidx.emoji2.text.EmojiCompatInitializer"
102-->[androidx.emoji2:emoji2:1.2.0] AndroidManifest.xml:30:17-75
103                android:value="androidx.startup" />
103-->[androidx.emoji2:emoji2:1.2.0] AndroidManifest.xml:31:17-49
104            <meta-data
104-->[androidx.lifecycle:lifecycle-process:2.6.1] AndroidManifest.xml:29:13-31:52
105                android:name="androidx.lifecycle.ProcessLifecycleInitializer"
105-->[androidx.lifecycle:lifecycle-process:2.6.1] AndroidManifest.xml:30:17-78
106                android:value="androidx.startup" />
106-->[androidx.lifecycle:lifecycle-process:2.6.1] AndroidManifest.xml:31:17-49
107            <meta-data
107-->[androidx.profileinstaller:profileinstaller:1.3.0] AndroidManifest.xml:29:13-31:52
108                android:name="androidx.profileinstaller.ProfileInstallerInitializer"
108-->[androidx.profileinstaller:profileinstaller:1.3.0] AndroidManifest.xml:30:17-85
109                android:value="androidx.startup" />
109-->[androidx.profileinstaller:profileinstaller:1.3.0] AndroidManifest.xml:31:17-49
110        </provider>
111
112        <receiver
112-->[androidx.profileinstaller:profileinstaller:1.3.0] AndroidManifest.xml:34:9-52:20
113            android:name="androidx.profileinstaller.ProfileInstallReceiver"
113-->[androidx.profileinstaller:profileinstaller:1.3.0] AndroidManifest.xml:35:13-76
114            android:directBootAware="false"
114-->[androidx.profileinstaller:profileinstaller:1.3.0] AndroidManifest.xml:36:13-44
115            android:enabled="true"
115-->[androidx.profileinstaller:profileinstaller:1.3.0] AndroidManifest.xml:37:13-35
116            android:exported="true"
116-->[androidx.profileinstaller:profileinstaller:1.3.0] AndroidManifest.xml:38:13-36
117            android:permission="android.permission.DUMP" >
117-->[androidx.profileinstaller:profileinstaller:1.3.0] AndroidManifest.xml:39:13-57
118            <intent-filter>
118-->[androidx.profileinstaller:profileinstaller:1.3.0] AndroidManifest.xml:40:13-42:29
119                <action android:name="androidx.profileinstaller.action.INSTALL_PROFILE" />
119-->[androidx.profileinstaller:profileinstaller:1.3.0] AndroidManifest.xml:41:17-91
119-->[androidx.profileinstaller:profileinstaller:1.3.0] AndroidManifest.xml:41:25-88
120            </intent-filter>
121            <intent-filter>
121-->[androidx.profileinstaller:profileinstaller:1.3.0] AndroidManifest.xml:43:13-45:29
122                <action android:name="androidx.profileinstaller.action.SKIP_FILE" />
122-->[androidx.profileinstaller:profileinstaller:1.3.0] AndroidManifest.xml:44:17-85
122-->[androidx.profileinstaller:profileinstaller:1.3.0] AndroidManifest.xml:44:25-82
123            </intent-filter>
124            <intent-filter>
124-->[androidx.profileinstaller:profileinstaller:1.3.0] AndroidManifest.xml:46:13-48:29
125                <action android:name="androidx.profileinstaller.action.SAVE_PROFILE" />
125-->[androidx.profileinstaller:profileinstaller:1.3.0] AndroidManifest.xml:47:17-88
125-->[androidx.profileinstaller:profileinstaller:1.3.0] AndroidManifest.xml:47:25-85
126            </intent-filter>
127            <intent-filter>
127-->[androidx.profileinstaller:profileinstaller:1.3.0] AndroidManifest.xml:49:13-51:29
128                <action android:name="androidx.profileinstaller.action.BENCHMARK_OPERATION" />
128-->[androidx.profileinstaller:profileinstaller:1.3.0] AndroidManifest.xml:50:17-95
128-->[androidx.profileinstaller:profileinstaller:1.3.0] AndroidManifest.xml:50:25-92
129            </intent-filter>
130        </receiver>
131    </application>
132
133</manifest>